Parsing GTFS feed in 'pt_Albufeira-Giro.gtfs.zip' ... done. (0 trips [0.00%], 0 stop times [0.00%], 0 stops [0.00%], 0 shapes [0.00%], 0 services [0.00%], 0 routes [0.00%], 0 agencies [0.00%], 0 transfers [0.00%], 0 pathways [0.00%], 0 levels [0.00%], 0 fare attributes [0.00%], 0 translations [0.00%] dropped due to errors.)
Removing trips travelling too fast...done. (-0 trips [-0.00%])
Removing unreferenced entries... done. (-0 trips [-0.00%], -0 stops [-0.00%], -0 shapes [-0.00%], -0 services [-0.00%], -0 routes [-0.00%], -0 agencies [-0.00%], -0 transfers [-0.00%])
Reclustering stops... done. (-0 clusters) [-0.00%]
Removing service duplicates... done. (-0 services [-0.00%])
Minimizing ids... done.
Outputting GTFS feed to 'pt_Albufeira-Giro.gtfs.zip'... done.
Parsing GTFS feed in 'pt_Algarve-Vamus.gtfs.zip' ... done. (0 trips [0.00%], 0 stop times [0.00%], 0 stops [0.00%], 0 shapes [0.00%], 0 services [0.00%], 0 routes [0.00%], 0 agencies [0.00%], 0 transfers [0.00%], 0 pathways [0.00%], 0 levels [0.00%], 0 fare attributes [0.00%], 0 translations [0.00%] dropped due to errors.)
Removing trips travelling too fast...done. (-0 trips [-0.00%])
Removing unreferenced entries... done. (-0 trips [-0.00%], -0 stops [-0.00%], -0 shapes [-0.00%], -5 services [-15.15%], -0 routes [-0.00%], -0 agencies [-0.00%], -0 transfers [-0.00%])
Reclustering stops... done. (-1157 clusters) [-40.58%]
Removing service duplicates... done. (-1 services [-3.57%])
Minimizing ids... done.
Outputting GTFS feed to 'pt_Algarve-Vamus.gtfs.zip'... done.
Parsing GTFS feed in 'pt_Apanha-me.gtfs.zip' ... done. (0 trips [0.00%], 0 stop times [0.00%], 0 stops [0.00%], 0 shapes [0.00%], 0 services [0.00%], 0 routes [0.00%], 0 agencies [0.00%], 0 transfers [0.00%], 0 pathways [0.00%], 0 levels [0.00%], 0 fare attributes [0.00%], 0 translations [0.00%] dropped due to errors.)
Removing trips travelling too fast...done. (-0 trips [-0.00%])
Removing unreferenced entries... done. (-0 trips [-0.00%], -0 stops [-0.00%], -0 shapes [-0.00%], -0 services [-0.00%], -0 routes [-0.00%], -0 agencies [-0.00%], -0 transfers [-0.00%])
Reclustering stops... done. (-3 clusters) [-2.13%]
Removing service duplicates... done. (-1 services [-11.11%])
Minimizing ids... done.
Outputting GTFS feed to 'pt_Apanha-me.gtfs.zip'... done.
Parsing GTFS feed in 'pt_Autna.gtfs.zip' ... done. (0 trips [0.00%], 0 stop times [0.00%], 0 stops [0.00%], 0 shapes [0.00%], 0 services [0.00%], 0 routes [0.00%], 0 agencies [0.00%], 0 transfers [0.00%], 0 pathways [0.00%], 0 levels [0.00%], 0 fare attributes [0.00%], 0 translations [0.00%] dropped due to errors.)
Removing trips travelling too fast...done. (-0 trips [-0.00%])
Removing unreferenced entries... done. (-0 trips [-0.00%], -0 stops [-0.00%], -0 shapes [-0.00%], -4 services [-49.99%], -0 routes [-0.00%], -0 agencies [-0.00%], -0 transfers [-0.00%])
Reclustering stops... done. (-0 clusters) [-0.00%]
Removing service duplicates... done. (-0 services [-0.00%])
Minimizing ids... done.
Outputting GTFS feed to 'pt_Autna.gtfs.zip'... done.
Parsing GTFS feed in 'pt_Barreiro.gtfs.zip' ... done. (0 trips [0.00%], 0 stop times [0.00%], 0 stops [0.00%], 0 shapes [0.00%], 0 services [0.00%], 0 routes [0.00%], 0 agencies [0.00%], 0 transfers [0.00%], 0 pathways [0.00%], 0 levels [0.00%], 0 fare attributes [0.00%], 0 translations [0.00%] dropped due to errors.)
Removing trips travelling too fast...done. (-0 trips [-0.00%])
Removing unreferenced entries... done. (-0 trips [-0.00%], -0 stops [-0.00%], -0 shapes [-0.00%], -0 services [-0.00%], -0 routes [-0.00%], -0 agencies [-0.00%], -0 transfers [-0.00%])
Reclustering stops... done. (-0 clusters) [-0.00%]
Removing service duplicates... done. (-0 services [-0.00%])
Minimizing ids... done.
Outputting GTFS feed to 'pt_Barreiro.gtfs.zip'... done.
Parsing GTFS feed in 'pt_Carris-Metropolitana.gtfs.zip' ... done. (0 trips [0.00%], 0 stop times [0.00%], 0 stops [0.00%], 0 shapes [0.00%], 0 services [0.00%], 0 routes [0.00%], 0 agencies [0.00%], 0 transfers [0.00%], 0 pathways [0.00%], 0 levels [0.00%], 0 fare attributes [0.00%], 0 translations [0.00%] dropped due to errors.)
Removing trips travelling too fast...done. (-0 trips [-0.00%])
Removing unreferenced entries... done. (-0 trips [-0.00%], -385 stops [-3.02%], -0 shapes [-0.00%], -14 services [-10.61%], -21 routes [-2.20%], -0 agencies [-0.00%], -0 transfers [-0.00%])
Reclustering stops... done. (-4390 clusters) [-35.50%]
Removing service duplicates... done. (-12 services [-10.17%])
Minimizing ids... done.
Outputting GTFS feed to 'pt_Carris-Metropolitana.gtfs.zip'... done.
Parsing GTFS feed in 'pt_Carris.gtfs.zip' ... done. (0 trips [0.00%], 0 stop times [0.00%], 0 stops [0.00%], 0 shapes [0.00%], 0 services [0.00%], 0 routes [0.00%], 0 agencies [0.00%], 0 transfers [0.00%], 0 pathways [0.00%], 0 levels [0.00%], 0 fare attributes [0.00%], 0 translations [0.00%] dropped due to errors.)
Removing trips travelling too fast...done. (-0 trips [-0.00%])
Removing unreferenced entries... done. (-0 trips [-0.00%], -0 stops [-0.00%], -0 shapes [-0.00%], -1 services [-8.33%], -0 routes [-0.00%], -0 agencies [-0.00%], -0 transfers [-0.00%])
Reclustering stops... done. (-321 clusters) [-13.76%]
Removing service duplicates... done. (-0 services [-0.00%])
Minimizing ids... done.
Outputting GTFS feed to 'pt_Carris.gtfs.zip'... done.
Parsing GTFS feed in 'pt_Cascais-Pr%C3%B3xima.gtfs.zip' ... done. (0 trips [0.00%], 0 stop times [0.00%], 0 stops [0.00%], 0 shapes [0.00%], 0 services [0.00%], 0 routes [0.00%], 0 agencies [0.00%], 0 transfers [0.00%], 0 pathways [0.00%], 0 levels [0.00%], 0 fare attributes [0.00%], 0 translations [0.00%] dropped due to errors.)
Removing trips travelling too fast...done. (-0 trips [-0.00%])
Removing unreferenced entries... done. (-0 trips [-0.00%], -0 stops [-0.00%], -0 shapes [-0.00%], -0 services [-0.00%], -0 routes [-0.00%], -0 agencies [-0.00%], -0 transfers [-0.00%])
Reclustering stops... done. (-2 clusters) [-0.19%]
Removing service duplicates... done. (-0 services [-0.00%])
Minimizing ids... done.
Outputting GTFS feed to 'pt_Cascais-Pr%C3%B3xima.gtfs.zip'... done.
Parsing GTFS feed in 'pt_Comboios-de-Portugal%28CP%29.gtfs.zip' ... done. (0 trips [0.00%], 0 stop times [0.00%], 0 stops [0.00%], 0 shapes [0.00%], 0 services [0.00%], 0 routes [0.00%], 0 agencies [0.00%], 0 transfers [0.00%], 0 pathways [0.00%], 0 levels [0.00%], 0 fare attributes [0.00%], 0 translations [0.00%] dropped due to errors.)
Removing trips travelling too fast...done. (-0 trips [-0.00%])
Removing unreferenced entries... done. (-0 trips [-0.00%], -0 stops [-0.00%], -0 shapes [-0.00%], -0 services [-0.00%], -0 routes [-0.00%], -0 agencies [-0.00%], -0 transfers [-0.00%])
Reclustering stops... done. (-0 clusters) [-0.00%]
Removing service duplicates... done. (-2148 services [-94.05%])
Minimizing ids... done.
Outputting GTFS feed to 'pt_Comboios-de-Portugal%28CP%29.gtfs.zip'... done.
Parsing GTFS feed in 'pt_Faro.gtfs.zip' ... done. (0 trips [0.00%], 0 stop times [0.00%], 0 stops [0.00%], 0 shapes [0.00%], 0 services [0.00%], 0 routes [0.00%], 0 agencies [0.00%], 0 transfers [0.00%], 0 pathways [0.00%], 0 levels [0.00%], 0 fare attributes [0.00%], 0 translations [0.00%] dropped due to errors.)
Removing trips travelling too fast...done. (-0 trips [-0.00%])
Removing unreferenced entries... done. (-0 trips [-0.00%], -0 stops [-0.00%], -0 shapes [-0.00%], -1 services [-11.11%], -0 routes [-0.00%], -0 agencies [-0.00%], -0 transfers [-0.00%])
Reclustering stops... done. (-0 clusters) [-0.00%]
Removing service duplicates... done. (-0 services [-0.00%])
Minimizing ids... done.
Outputting GTFS feed to 'pt_Faro.gtfs.zip'... done.
Parsing GTFS feed in 'pt_Fergatus.gtfs.zip' ... done. (0 trips [0.00%], 0 stop times [0.00%], 0 stops [0.00%], 0 shapes [0.00%], 0 services [0.00%], 0 routes [0.00%], 0 agencies [0.00%], 0 transfers [0.00%], 0 pathways [0.00%], 0 levels [0.00%], 0 fare attributes [0.00%], 0 translations [0.00%] dropped due to errors.)
Removing trips travelling too fast...done. (-0 trips [-0.00%])
Removing unreferenced entries... done. (-0 trips [-0.00%], -0 stops [-0.00%], -0 shapes [-0.00%], -2 services [-49.99%], -1 routes [-33.32%], -0 agencies [-0.00%], -0 transfers [-0.00%])
Reclustering stops... done. (-0 clusters) [-0.00%]
Removing service duplicates... done. (-0 services [-0.00%])
Minimizing ids... done.
Outputting GTFS feed to 'pt_Fergatus.gtfs.zip'... done.
Parsing GTFS feed in 'pt_Funchal.gtfs.zip' ... done. (0 trips [0.00%], 0 stop times [0.00%], 0 stops [0.00%], 0 shapes [0.00%], 0 services [0.00%], 0 routes [0.00%], 0 agencies [0.00%], 0 transfers [0.00%], 0 pathways [0.00%], 0 levels [0.00%], 0 fare attributes [0.00%], 0 translations [0.00%] dropped due to errors.)
Removing trips travelling too fast...done. (-0 trips [-0.00%])
Removing unreferenced entries... done. (-0 trips [-0.00%], -2 stops [-0.11%], -0 shapes [-0.00%], -0 services [-0.00%], -0 routes [-0.00%], -0 agencies [-0.00%], -0 transfers [-0.00%])
Reclustering stops... done. (-0 clusters) [-0.00%]
Removing service duplicates... done. (-0 services [-0.00%])
Minimizing ids... done.
Outputting GTFS feed to 'pt_Funchal.gtfs.zip'... done.
Parsing GTFS feed in 'pt_Lagos-Aonda.gtfs.zip' ... done. (0 trips [0.00%], 0 stop times [0.00%], 0 stops [0.00%], 0 shapes [0.00%], 0 services [0.00%], 0 routes [0.00%], 0 agencies [0.00%], 0 transfers [0.00%], 0 pathways [0.00%], 0 levels [0.00%], 0 fare attributes [0.00%], 0 translations [0.00%] dropped due to errors.)
Removing trips travelling too fast...done. (-0 trips [-0.00%])
Removing unreferenced entries... done. (-0 trips [-0.00%], -0 stops [-0.00%], -0 shapes [-0.00%], -0 services [-0.00%], -0 routes [-0.00%], -0 agencies [-0.00%], -0 transfers [-0.00%])
Reclustering stops... done. (-3 clusters) [-0.98%]
Removing service duplicates... done. (-0 services [-0.00%])
Minimizing ids... done.
Outputting GTFS feed to 'pt_Lagos-Aonda.gtfs.zip'... done.
Parsing GTFS feed in 'pt_Metro-Lisboa.gtfs.zip' ... done. (0 trips [0.00%], 0 stop times [0.00%], 0 stops [0.00%], 0 shapes [0.00%], 0 services [0.00%], 0 routes [0.00%], 0 agencies [0.00%], 0 transfers [0.00%], 0 pathways [0.00%], 0 levels [0.00%], 0 fare attributes [0.00%], 0 translations [0.00%] dropped due to errors.)
Removing trips travelling too fast...done. (-0 trips [-0.00%])
Removing unreferenced entries... done. (-0 trips [-0.00%], -0 stops [-0.00%], -0 shapes [-0.00%], -0 services [-0.00%], -0 routes [-0.00%], -0 agencies [-0.00%], -0 transfers [-0.00%])
Reclustering stops... done. (-0 clusters) [-0.00%]
Removing service duplicates... done. (-0 services [-0.00%])
Minimizing ids... done.
Outputting GTFS feed to 'pt_Metro-Lisboa.gtfs.zip'... done.
Parsing GTFS feed in 'pt_Metro-Porto.gtfs.zip' ... done. (0 trips [0.00%], 0 stop times [0.00%], 0 stops [0.00%], 0 shapes [0.00%], 0 services [0.00%], 0 routes [0.00%], 0 agencies [0.00%], 0 transfers [0.00%], 0 pathways [0.00%], 0 levels [0.00%], 0 fare attributes [0.00%], 0 translations [0.00%] dropped due to errors.)
Removing trips travelling too fast...done. (-0 trips [-0.00%])
Removing unreferenced entries... done. (-0 trips [-0.00%], -0 stops [-0.00%], -0 shapes [-0.00%], -2 services [-9.52%], -0 routes [-0.00%], -0 agencies [-0.00%], -0 transfers [-0.00%])
Reclustering stops... done. (-0 clusters) [-0.00%]
Removing service duplicates... done. (-15 services [-78.94%])
Minimizing ids... done.
Outputting GTFS feed to 'pt_Metro-Porto.gtfs.zip'... done.
Parsing GTFS feed in 'pt_Olhao.gtfs.zip' ... done. (0 trips [0.00%], 0 stop times [0.00%], 0 stops [0.00%], 0 shapes [0.00%], 0 services [0.00%], 0 routes [0.00%], 0 agencies [0.00%], 0 transfers [0.00%], 0 pathways [0.00%], 0 levels [0.00%], 0 fare attributes [0.00%], 0 translations [0.00%] dropped due to errors.)
Removing trips travelling too fast...done. (-0 trips [-0.00%])
Removing unreferenced entries... done. (-0 trips [-0.00%], -0 stops [-0.00%], -0 shapes [-0.00%], -0 services [-0.00%], -0 routes [-0.00%], -0 agencies [-0.00%], -0 transfers [-0.00%])
Reclustering stops... done. (-0 clusters) [-0.00%]
Removing service duplicates... done. (-0 services [-0.00%])
Minimizing ids... done.
Outputting GTFS feed to 'pt_Olhao.gtfs.zip'... done.
Parsing GTFS feed in 'pt_Portimao.gtfs.zip' ... done. (0 trips [0.00%], 0 stop times [0.00%], 0 stops [0.00%], 0 shapes [0.00%], 0 services [0.00%], 0 routes [0.00%], 0 agencies [0.00%], 0 transfers [0.00%], 0 pathways [0.00%], 0 levels [0.00%], 0 fare attributes [0.00%], 0 translations [0.00%] dropped due to errors.)
Removing trips travelling too fast...done. (-0 trips [-0.00%])
Removing unreferenced entries... done. (-0 trips [-0.00%], -0 stops [-0.00%], -0 shapes [-0.00%], -0 services [-0.00%], -0 routes [-0.00%], -0 agencies [-0.00%], -0 transfers [-0.00%])
Reclustering stops... done. (-0 clusters) [-0.00%]
Removing service duplicates... done. (-0 services [-0.00%])
Minimizing ids... done.
Outputting GTFS feed to 'pt_Portimao.gtfs.zip'... done.
Parsing GTFS feed in 'pt_Porto-STCP.gtfs.zip' ... done. (0 trips [0.00%], 0 stop times [0.00%], 0 stops [0.00%], 0 shapes [0.00%], 0 services [0.00%], 0 routes [0.00%], 0 agencies [0.00%], 0 transfers [0.00%], 0 pathways [0.00%], 0 levels [0.00%], 0 fare attributes [0.00%], 0 translations [0.00%] dropped due to errors.)
Removing trips travelling too fast...done. (-0 trips [-0.00%])
Removing unreferenced entries... done. (-0 trips [-0.00%], -0 stops [-0.00%], -0 shapes [-0.00%], -0 services [-0.00%], -1 routes [-1.35%], -0 agencies [-0.00%], -0 transfers [-0.00%])
Reclustering stops... done. (-542 clusters) [-21.28%]
Removing service duplicates... done. (-0 services [-0.00%])
Minimizing ids... done.
Outputting GTFS feed to 'pt_Porto-STCP.gtfs.zip'... done.
Parsing GTFS feed in 'pt_Tavira.gtfs.zip' ... done. (0 trips [0.00%], 0 stop times [0.00%], 0 stops [0.00%], 0 shapes [0.00%], 0 services [0.00%], 0 routes [0.00%], 0 agencies [0.00%], 0 transfers [0.00%], 0 pathways [0.00%], 0 levels [0.00%], 0 fare attributes [0.00%], 0 translations [0.00%] dropped due to errors.)
Removing trips travelling too fast...done. (-0 trips [-0.00%])
Removing unreferenced entries... done. (-0 trips [-0.00%], -0 stops [-0.00%], -0 shapes [-0.00%], -0 services [-0.00%], -0 routes [-0.00%], -0 agencies [-0.00%], -0 transfers [-0.00%])
Reclustering stops... done. (-0 clusters) [-0.00%]
Removing service duplicates... done. (-0 services [-0.00%])
Minimizing ids... done.
Outputting GTFS feed to 'pt_Tavira.gtfs.zip'... done.
Parsing GTFS feed in 'pt_Transportes-Urbanos-de-Braga.gtfs.zip' ... done. (0 trips [0.00%], 0 stop times [0.00%], 0 stops [0.00%], 0 shapes [0.00%], 0 services [0.00%], 0 routes [0.00%], 0 agencies [0.00%], 0 transfers [0.00%], 0 pathways [0.00%], 0 levels [0.00%], 0 fare attributes [0.00%], 0 translations [0.00%] dropped due to errors.)
Removing trips travelling too fast...done. (-0 trips [-0.00%])
Removing unreferenced entries... done. (-0 trips [-0.00%], -114 stops [-5.70%], -0 shapes [-0.00%], -3 services [-30.00%], -0 routes [-0.00%], -0 agencies [-0.00%], -0 transfers [-0.00%])
Reclustering stops... done. (-259 clusters) [-13.74%]
Removing service duplicates... done. (-2 services [-28.57%])
Minimizing ids... done.
Outputting GTFS feed to 'pt_Transportes-Urbanos-de-Braga.gtfs.zip'... done.
Parsing GTFS feed in 'pt_Albufeira-Giro.gtfs.zip' ... done. (0 trips [0.00%], 0 stop times [0.00%], 0 stops [0.00%], 0 shapes [0.00%], 0 services [0.00%], 0 routes [0.00%], 0 agencies [0.00%], 0 transfers [0.00%], 0 pathways [0.00%], 0 levels [0.00%], 0 fare attributes [0.00%], 0 translations [0.00%] dropped due to errors.)
Parsing GTFS feed in 'pt_Algarve-Vamus.gtfs.zip' ... done. (0 trips [0.00%], 0 stop times [0.00%], 0 stops [0.00%], 0 shapes [0.00%], 0 services [0.00%], 0 routes [0.00%], 0 agencies [0.00%], 0 transfers [0.00%], 0 pathways [0.00%], 0 levels [0.00%], 0 fare attributes [0.00%], 0 translations [0.00%] dropped due to errors.)
Parsing GTFS feed in 'pt_Apanha-me.gtfs.zip' ... done. (0 trips [0.00%], 0 stop times [0.00%], 0 stops [0.00%], 0 shapes [0.00%], 0 services [0.00%], 0 routes [0.00%], 0 agencies [0.00%], 0 transfers [0.00%], 0 pathways [0.00%], 0 levels [0.00%], 0 fare attributes [0.00%], 0 translations [0.00%] dropped due to errors.)
Parsing GTFS feed in 'pt_Autna.gtfs.zip' ... done. (16 trips [0.74%], 112 stop times [0.05%], 0 stops [0.00%], 0 shapes [0.00%], 0 services [0.00%], 1 routes [1.10%], 1 agencies [24.99%], 0 transfers [0.00%], 0 pathways [0.00%], 0 levels [0.00%], 0 fare attributes [0.00%], 0 translations [0.00%] dropped due to errors. Use -W to display them.)
Parsing GTFS feed in 'pt_Barreiro.gtfs.zip' ... done. (16 trips [0.35%], 112 stop times [0.03%], 0 stops [0.00%], 0 shapes [0.00%], 0 services [0.00%], 1 routes [0.60%], 1 agencies [20.00%], 0 transfers [0.00%], 0 pathways [0.00%], 0 levels [0.00%], 0 fare attributes [0.00%], 0 translations [0.00%] dropped due to errors. Use -W to display them.)
Parsing GTFS feed in 'pt_Carris-Metropolitana.gtfs.zip' ... done. (16 trips [0.01%], 112 stop times [0.00%], 0 stops [0.00%], 0 shapes [0.00%], 0 services [0.00%], 1 routes [0.09%], 1 agencies [11.11%], 0 transfers [0.00%], 0 pathways [0.00%], 0 levels [0.00%], 0 fare attributes [0.00%], 0 translations [0.00%] dropped due to errors. Use -W to display them.)
Parsing GTFS feed in 'pt_Carris.gtfs.zip' ... done. (16 trips [0.00%], 112 stop times [0.00%], 0 stops [0.00%], 0 shapes [0.00%], 0 services [0.00%], 1 routes [0.08%], 1 agencies [10.00%], 0 transfers [0.00%], 0 pathways [0.00%], 0 levels [0.00%], 0 fare attributes [0.00%], 0 translations [0.00%] dropped due to errors. Use -W to display them.)
Parsing GTFS feed in 'pt_Cascais-Pr%C3%B3xima.gtfs.zip' ... done. (16 trips [0.00%], 112 stop times [0.00%], 0 stops [0.00%], 0 shapes [0.00%], 0 services [0.00%], 1 routes [0.07%], 1 agencies [9.09%], 0 transfers [0.00%], 0 pathways [0.00%], 0 levels [0.00%], 0 fare attributes [0.00%], 0 translations [0.00%] dropped due to errors. Use -W to display them.)
Parsing GTFS feed in 'pt_Comboios-de-Portugal%28CP%29.gtfs.zip' ... done. (16 trips [0.00%], 112 stop times [0.00%], 0 stops [0.00%], 0 shapes [0.00%], 0 services [0.00%], 1 routes [0.06%], 1 agencies [8.33%], 0 transfers [0.00%], 0 pathways [0.00%], 0 levels [0.00%], 0 fare attributes [0.00%], 0 translations [0.00%] dropped due to errors. Use -W to display them.)
Parsing GTFS feed in 'pt_Faro.gtfs.zip' ... done. (16 trips [0.00%], 112 stop times [0.00%], 0 stops [0.00%], 0 shapes [0.00%], 0 services [0.00%], 1 routes [0.06%], 1 agencies [7.69%], 0 transfers [0.00%], 0 pathways [0.00%], 0 levels [0.00%], 0 fare attributes [0.00%], 0 translations [0.00%] dropped due to errors. Use -W to display them.)
Parsing GTFS feed in 'pt_Fergatus.gtfs.zip' ... done. (16 trips [0.00%], 112 stop times [0.00%], 0 stops [0.00%], 0 shapes [0.00%], 0 services [0.00%], 1 routes [0.06%], 1 agencies [7.14%], 0 transfers [0.00%], 0 pathways [0.00%], 0 levels [0.00%], 0 fare attributes [0.00%], 0 translations [0.00%] dropped due to errors. Use -W to display them.)
Parsing GTFS feed in 'pt_Funchal.gtfs.zip' ... done. (16 trips [0.00%], 112 stop times [0.00%], 0 stops [0.00%], 0 shapes [0.00%], 0 services [0.00%], 1 routes [0.06%], 1 agencies [6.67%], 0 transfers [0.00%], 0 pathways [0.00%], 0 levels [0.00%], 0 fare attributes [0.00%], 0 translations [0.00%] dropped due to errors. Use -W to display them.)
Parsing GTFS feed in 'pt_Lagos-Aonda.gtfs.zip' ... done. (16 trips [0.00%], 112 stop times [0.00%], 0 stops [0.00%], 0 shapes [0.00%], 0 services [0.00%], 1 routes [0.06%], 1 agencies [6.25%], 0 transfers [0.00%], 0 pathways [0.00%], 0 levels [0.00%], 0 fare attributes [0.00%], 0 translations [0.00%] dropped due to errors. Use -W to display them.)
Parsing GTFS feed in 'pt_Metro-Lisboa.gtfs.zip' ... done. (16 trips [0.00%], 112 stop times [0.00%], 0 stops [0.00%], 0 shapes [0.00%], 0 services [0.00%], 1 routes [0.06%], 1 agencies [5.88%], 0 transfers [0.00%], 0 pathways [0.00%], 0 levels [0.00%], 0 fare attributes [0.00%], 0 translations [0.00%] dropped due to errors. Use -W to display them.)
Parsing GTFS feed in 'pt_Metro-Porto.gtfs.zip' ... done. (16 trips [0.00%], 112 stop times [0.00%], 0 stops [0.00%], 0 shapes [0.00%], 0 services [0.00%], 1 routes [0.06%], 1 agencies [5.56%], 0 transfers [0.00%], 0 pathways [0.00%], 0 levels [0.00%], 0 fare attributes [0.00%], 0 translations [0.00%] dropped due to errors. Use -W to display them.)
Parsing GTFS feed in 'pt_Olhao.gtfs.zip' ... done. (16 trips [0.00%], 112 stop times [0.00%], 0 stops [0.00%], 0 shapes [0.00%], 0 services [0.00%], 1 routes [0.06%], 1 agencies [5.26%], 0 transfers [0.00%], 0 pathways [0.00%], 0 levels [0.00%], 0 fare attributes [0.00%], 0 translations [0.00%] dropped due to errors. Use -W to display them.)
Parsing GTFS feed in 'pt_Portimao.gtfs.zip' ... done. (16 trips [0.00%], 112 stop times [0.00%], 0 stops [0.00%], 0 shapes [0.00%], 0 services [0.00%], 1 routes [0.06%], 1 agencies [5.00%], 0 transfers [0.00%], 0 pathways [0.00%], 0 levels [0.00%], 0 fare attributes [0.00%], 0 translations [0.00%] dropped due to errors. Use -W to display them.)
Parsing GTFS feed in 'pt_Porto-STCP.gtfs.zip' ... done. (16 trips [0.00%], 112 stop times [0.00%], 0 stops [0.00%], 0 shapes [0.00%], 0 services [0.00%], 1 routes [0.05%], 1 agencies [4.76%], 0 transfers [0.00%], 0 pathways [0.00%], 0 levels [0.00%], 0 fare attributes [0.00%], 0 translations [0.00%] dropped due to errors. Use -W to display them.)
Parsing GTFS feed in 'pt_Tavira.gtfs.zip' ... done. (16 trips [0.00%], 112 stop times [0.00%], 0 stops [0.00%], 0 shapes [0.00%], 0 services [0.00%], 1 routes [0.05%], 1 agencies [4.55%], 0 transfers [0.00%], 0 pathways [0.00%], 0 levels [0.00%], 0 fare attributes [0.00%], 0 translations [0.00%] dropped due to errors. Use -W to display them.)
Parsing GTFS feed in 'pt_Transportes-Urbanos-de-Braga.gtfs.zip' ... done. (16 trips [0.00%], 112 stop times [0.00%], 0 stops [0.00%], 0 shapes [0.00%], 0 services [0.00%], 1 routes [0.05%], 1 agencies [4.35%], 0 transfers [0.00%], 0 pathways [0.00%], 0 levels [0.00%], 0 fare attributes [0.00%], 0 translations [0.00%] dropped due to errors. Use -W to display them.)
Removing unreferenced entries... done. (-0 trips [-0.00%], -8 stops [-0.02%], -0 shapes [-0.00%], -4 services [-1.07%], -0 routes [-0.00%], -0 agencies [-0.00%], -0 transfers [-0.00%])
Removing redundant agencies... done. (-0 agencies [-0.00%])
Adding parent stations to all stops... done. (+14316 stations)
Removing redundant stops... done. (-616 stops [-1.29%])
Reclustering stops... done. (-3456 clusters) [-17.36%]
Removing redundant routes... done. (-204 routes [-10.45%])
Removing service duplicates... done. (-54 services [-14.59%])
Minimizing services... done. (-3640 calendar_dates.txt entries [-86.09%], +60 calendar.txt entries [+26.91%])
Removing redundant trips... done. (-141394 trips [-36.89%])
Removing unreferenced entries... done. (-0 trips [-0.00%], -0 stops [-0.00%], -0 shapes [-0.00%], -37976 services [-49.86%], -0 routes [-0.00%], -0 agencies [-0.00%], -0 transfers [-0.00%])
Removing service duplicates... done. (-37870 services [-99.18%])
Minimizing services... done. (-149 calendar_dates.txt entries [-18.08%], +17 calendar.txt entries [+5.90%])
Computing stable stop ids ... done.
Encoding stop_ids via parent_station ids ... done.
Outputting GTFS feed to 'gtfs_portugal_clean.zip'... done.
